<?xml version="1.0" encoding="UTF-8"?>
<testng-results skipped="0" failed="0" ignored="0" total="8" passed="8">
  <reporter-output>
  </reporter-output>
  <suite name="Default suite" duration-ms="43380" started-at="2021-04-01T09:25:06 IST" finished-at="2021-04-01T09:25:50 IST">
    <groups>
    </groups>
    <test name="Default test" duration-ms="43380" started-at="2021-04-01T09:25:06 IST" finished-at="2021-04-01T09:25:50 IST">
      <class name="com.Actitime.testscripts.Actimeuser1">
        <test-method status="PASS" signature="launchbrowser()[pri:1, instance:com.Actitime.testscripts.Actimeuser1@3dfc5fb8]" name="launchbrowser" duration-ms="6691" started-at="2021-04-01T09:25:06 IST" finished-at="2021-04-01T09:25:13 IST">
          <reporter-output>
          </reporter-output>
        </test-method> <!-- launchbrowser -->
        <test-method status="PASS" signature="navigate()[pri:2, instance:com.Actitime.testscripts.Actimeuser1@3dfc5fb8]" name="navigate" duration-ms="2759" started-at="2021-04-01T09:25:13 IST" finished-at="2021-04-01T09:25:16 IST">
          <reporter-output>
          </reporter-output>
        </test-method> <!-- navigate -->
        <test-method status="PASS" signature="login()[pri:3, instance:com.Actitime.testscripts.Actimeuser1@3dfc5fb8]" name="login" duration-ms="2354" started-at="2021-04-01T09:25:16 IST" finished-at="2021-04-01T09:25:18 IST">
          <reporter-output>
          </reporter-output>
        </test-method> <!-- login -->
        <test-method status="PASS" signature="minimizewindow()[pri:4, instance:com.Actitime.testscripts.Actimeuser1@3dfc5fb8]" name="minimizewindow" duration-ms="9221" started-at="2021-04-01T09:25:18 IST" finished-at="2021-04-01T09:25:27 IST">
          <reporter-output>
          </reporter-output>
        </test-method> <!-- minimizewindow -->
        <test-method status="PASS" signature="createuser()[pri:5, instance:com.Actitime.testscripts.Actimeuser1@3dfc5fb8]" name="createuser" duration-ms="11996" started-at="2021-04-01T09:25:27 IST" finished-at="2021-04-01T09:25:39 IST">
          <reporter-output>
          </reporter-output>
        </test-method> <!-- createuser -->
        <test-method status="PASS" signature="deleteuser()[pri:6, instance:com.Actitime.testscripts.Actimeuser1@3dfc5fb8]" name="deleteuser" duration-ms="7624" started-at="2021-04-01T09:25:39 IST" finished-at="2021-04-01T09:25:47 IST">
          <reporter-output>
          </reporter-output>
        </test-method> <!-- deleteuser -->
        <test-method status="PASS" signature="logout()[pri:7, instance:com.Actitime.testscripts.Actimeuser1@3dfc5fb8]" name="logout" duration-ms="2423" started-at="2021-04-01T09:25:47 IST" finished-at="2021-04-01T09:25:49 IST">
          <reporter-output>
          </reporter-output>
        </test-method> <!-- logout -->
        <test-method status="PASS" signature="closebrowser()[pri:8, instance:com.Actitime.testscripts.Actimeuser1@3dfc5fb8]" name="closebrowser" duration-ms="182" started-at="2021-04-01T09:25:49 IST" finished-at="2021-04-01T09:25:50 IST">
          <reporter-output>
          </reporter-output>
        </test-method> <!-- closebrowser -->
      </class> <!-- com.Actitime.testscripts.Actimeuser1 -->
    </test> <!-- Default test -->
  </suite> <!-- Default suite -->
</testng-results>
