<?xml version="1.0" encoding="UTF-8"?>
<!-- Generated by org.testng.reporters.JUnitXMLReporter -->
<testsuite hostname="DESKTOP-QHV9LVJ" ignored="0" name="Default test" tests="8" failures="0" timestamp="2021-04-01T09:25:50 IST" time="43.38" errors="0">
  <testcase name="launchbrowser" time="6.691" classname="com.Actitime.testscripts.Actimeuser1"/>
  <testcase name="navigate" time="2.759" classname="com.Actitime.testscripts.Actimeuser1"/>
  <testcase name="login" time="2.354" classname="com.Actitime.testscripts.Actimeuser1"/>
  <testcase name="minimizewindow" time="9.221" classname="com.Actitime.testscripts.Actimeuser1"/>
  <testcase name="createuser" time="11.996" classname="com.Actitime.testscripts.Actimeuser1"/>
  <testcase name="deleteuser" time="7.624" classname="com.Actitime.testscripts.Actimeuser1"/>
  <testcase name="logout" time="2.423" classname="com.Actitime.testscripts.Actimeuser1"/>
  <testcase name="closebrowser" time="0.182" classname="com.Actitime.testscripts.Actimeuser1"/>
</testsuite> <!-- Default test -->
